{"total": {"lines":{"total":54,"covered":29,"skipped":0,"pct":53.7},"statements":{"total":54,"covered":29,"skipped":0,"pct":53.7},"functions":{"total":9,"covered":3,"skipped":0,"pct":33.33},"branches":{"total":24,"covered":5,"skipped":0,"pct":20.83},"branchesTrue":{"total":0,"covered":0,"skipped":0,"pct":100}}
,"/Users/markrabey/Projects/personal/react-weather-component/src/api/index.ts": {"lines":{"total":7,"covered":1,"skipped":0,"pct":14.28},"functions":{"total":1,"covered":0,"skipped":0,"pct":0},"statements":{"total":7,"covered":1,"skipped":0,"pct":14.28},"branches":{"total":0,"covered":0,"skipped":0,"pct":100}}
,"/Users/markrabey/Projects/personal/react-weather-component/src/api/coordinates/index.ts": {"lines":{"total":5,"covered":1,"skipped":0,"pct":20},"functions":{"total":1,"covered":0,"skipped":0,"pct":0},"statements":{"total":5,"covered":1,"skipped":0,"pct":20},"branches":{"total":0,"covered":0,"skipped":0,"pct":100}}
,"/Users/markrabey/Projects/personal/react-weather-component/src/components/Weather/index.tsx": {"lines":{"total":22,"covered":9,"skipped":0,"pct":40.9},"functions":{"total":4,"covered":1,"skipped":0,"pct":25},"statements":{"total":22,"covered":9,"skipped":0,"pct":40.9},"branches":{"total":10,"covered":1,"skipped":0,"pct":10}}
,"/Users/markrabey/Projects/personal/react-weather-component/src/components/WeatherIcon/index.tsx": {"lines":{"total":2,"covered":1,"skipped":0,"pct":50},"functions":{"total":1,"covered":0,"skipped":0,"pct":0},"statements":{"total":2,"covered":1,"skipped":0,"pct":50},"branches":{"total":0,"covered":0,"skipped":0,"pct":100}}
,"/Users/markrabey/Projects/personal/react-weather-component/src/hooks/useStyles.ts": {"lines":{"total":7,"covered":6,"skipped":0,"pct":85.71},"functions":{"total":1,"covered":1,"skipped":0,"pct":100},"statements":{"total":7,"covered":6,"skipped":0,"pct":85.71},"branches":{"total":8,"covered":2,"skipped":0,"pct":25}}
,"/Users/markrabey/Projects/personal/react-weather-component/src/themes/brandColors.ts": {"lines":{"total":0,"covered":0,"skipped":0,"pct":100},"functions":{"total":0,"covered":0,"skipped":0,"pct":100},"statements":{"total":0,"covered":0,"skipped":0,"pct":100},"branches":{"total":0,"covered":0,"skipped":0,"pct":100}}
,"/Users/markrabey/Projects/personal/react-weather-component/src/themes/dark.ts": {"lines":{"total":1,"covered":1,"skipped":0,"pct":100},"functions":{"total":0,"covered":0,"skipped":0,"pct":100},"statements":{"total":1,"covered":1,"skipped":0,"pct":100},"branches":{"total":0,"covered":0,"skipped":0,"pct":100}}
,"/Users/markrabey/Projects/personal/react-weather-component/src/themes/default.ts": {"lines":{"total":1,"covered":1,"skipped":0,"pct":100},"functions":{"total":0,"covered":0,"skipped":0,"pct":100},"statements":{"total":1,"covered":1,"skipped":0,"pct":100},"branches":{"total":0,"covered":0,"skipped":0,"pct":100}}
,"/Users/markrabey/Projects/personal/react-weather-component/src/themes/index.ts": {"lines":{"total":1,"covered":1,"skipped":0,"pct":100},"functions":{"total":0,"covered":0,"skipped":0,"pct":100},"statements":{"total":1,"covered":1,"skipped":0,"pct":100},"branches":{"total":0,"covered":0,"skipped":0,"pct":100}}
,"/Users/markrabey/Projects/personal/react-weather-component/src/themes/light.ts": {"lines":{"total":1,"covered":1,"skipped":0,"pct":100},"functions":{"total":0,"covered":0,"skipped":0,"pct":100},"statements":{"total":1,"covered":1,"skipped":0,"pct":100},"branches":{"total":0,"covered":0,"skipped":0,"pct":100}}
,"/Users/markrabey/Projects/personal/react-weather-component/src/themes/monospace-dark.ts": {"lines":{"total":1,"covered":1,"skipped":0,"pct":100},"functions":{"total":0,"covered":0,"skipped":0,"pct":100},"statements":{"total":1,"covered":1,"skipped":0,"pct":100},"branches":{"total":0,"covered":0,"skipped":0,"pct":100}}
,"/Users/markrabey/Projects/personal/react-weather-component/src/themes/monospace-light.ts": {"lines":{"total":1,"covered":1,"skipped":0,"pct":100},"functions":{"total":0,"covered":0,"skipped":0,"pct":100},"statements":{"total":1,"covered":1,"skipped":0,"pct":100},"branches":{"total":0,"covered":0,"skipped":0,"pct":100}}
,"/Users/markrabey/Projects/personal/react-weather-component/src/themes/monospace.ts": {"lines":{"total":1,"covered":1,"skipped":0,"pct":100},"functions":{"total":0,"covered":0,"skipped":0,"pct":100},"statements":{"total":1,"covered":1,"skipped":0,"pct":100},"branches":{"total":0,"covered":0,"skipped":0,"pct":100}}
,"/Users/markrabey/Projects/personal/react-weather-component/src/themes/themeToStyleSheet.ts": {"lines":{"total":4,"covered":4,"skipped":0,"pct":100},"functions":{"total":1,"covered":1,"skipped":0,"pct":100},"statements":{"total":4,"covered":4,"skipped":0,"pct":100},"branches":{"total":6,"covered":2,"skipped":0,"pct":33.33}}
}
